{
  "RSpec": {
    "coverage": {
      "/Users/naphazze/Desktop/OddsQuest/MyBragDocs/app/helpers/application_helper.rb": {
        "lines": [
          1,
          null
        ]
      },
      "/Users/naphazze/Desktop/OddsQuest/MyBragDocs/app/helpers/brags_helper.rb": {
        "lines": [
          1,
          null
        ]
      },
      "/Users/naphazze/Desktop/OddsQuest/MyBragDocs/app/helpers/todos_helper.rb": {
        "lines": [
          1,
          null
        ]
      },
      "/Users/naphazze/Desktop/OddsQuest/MyBragDocs/app/controllers/brags_controller.rb": {
        "lines": [
          1,
          1,
          null,
          null
        ]
      },
      "/Users/naphazze/Desktop/OddsQuest/MyBragDocs/app/controllers/application_controller.rb": {
        "lines": [
          1,
          null,
          1,
          null
        ]
      },
      "/Users/naphazze/Desktop/OddsQuest/MyBragDocs/app/controllers/todos_controller.rb": {
        "lines": [
          1,
          1,
          null,
          null,
          1,
          1,
          null,
          null,
          null,
          1,
          null,
          null,
          null,
          1,
          1,
          null,
          null,
          null,
          1,
          null,
          null,
          null,
          1,
          6,
          null,
          6,
          6,
          3,
          null,
          1,
          null,
          null,
          null,
          null,
          null,
          5,
          null,
          3,
          1,
          null,
          5,
          null,
          null,
          null,
          null,
          null,
          null,
          1,
          0,
          0,
          0,
          0,
          null,
          0,
          0,
          null,
          null,
          null,
          null,
          null,
          1,
          3,
          null,
          3,
          5,
          4,
          null,
          null,
          null,
          1,
          2,
          2,
          null,
          2,
          2,
          3,
          null,
          null,
          null,
          1,
          null,
          1,
          5,
          null,
          null,
          null,
          1,
          6,
          null,
          null
        ]
      },
      "/Users/naphazze/Desktop/OddsQuest/MyBragDocs/app/models/todo.rb": {
        "lines": [
          1,
          1,
          null
        ]
      },
      "/Users/naphazze/Desktop/OddsQuest/MyBragDocs/app/models/application_record.rb": {
        "lines": [
          1,
          1,
          null
        ]
      },
      "/Users/naphazze/Desktop/OddsQuest/MyBragDocs/app/jobs/application_job.rb": {
        "lines": [
          0,
          null,
          null,
          null,
          null,
          null,
          0
        ],
        "branches": {}
      },
      "/Users/naphazze/Desktop/OddsQuest/MyBragDocs/app/mailers/application_mailer.rb": {
        "lines": [
          0,
          0,
          0,
          0
        ],
        "branches": {}
      }
    },
    "timestamp": 1750173999
  }
}
